0 verbose cli C:\Program Files\nodejs\node.exe C:\Program Files\nodejs\node_modules\npm\bin\npm-cli.js
1 info using npm@11.12.1
2 info using node@v24.15.0
3 silly config load:file:C:\Program Files\nodejs\node_modules\npm\npmrc
4 silly config load:file:C:\Users\Laptop\Documents\BrainBoost\.npmrc
5 silly config load:file:C:\Users\Laptop\.npmrc
6 silly config load:file:C:\Users\Laptop\AppData\Roaming\npm\etc\npmrc
7 verbose title npm install
8 verbose argv "install" "--cache" ".\\.npm-cache"
9 verbose logfile logs-max:10 dir:C:\Users\Laptop\Documents\BrainBoost\.npm-cache\_logs\2026-05-15T11_13_52_439Z-
10 verbose logfile C:\Users\Laptop\Documents\BrainBoost\.npm-cache\_logs\2026-05-15T11_13_52_439Z-debug-0.log
11 silly logfile done cleaning log files
12 silly packumentCache heap:2348810240 maxSize:587202560 maxEntrySize:293601280
13 verbose shrinkwrap failed to load node_modules/.package-lock.json out of date, updated: node_modules
14 silly idealTree buildDeps
15 silly reify moves {}
16 silly audit bulk request {
16 silly audit   '@emnapi/core': [ '1.10.0' ],
16 silly audit   '@emnapi/runtime': [ '1.10.0' ],
16 silly audit   '@emnapi/wasi-threads': [ '1.2.1' ],
16 silly audit   '@napi-rs/wasm-runtime': [ '1.1.4' ],
16 silly audit   '@oxc-project/types': [ '0.130.0' ],
16 silly audit   '@rolldown/binding-android-arm64': [ '1.0.1' ],
16 silly audit   '@rolldown/binding-darwin-arm64': [ '1.0.1' ],
16 silly audit   '@rolldown/binding-darwin-x64': [ '1.0.1' ],
16 silly audit   '@rolldown/binding-freebsd-x64': [ '1.0.1' ],
16 silly audit   '@rolldown/binding-linux-arm-gnueabihf': [ '1.0.1' ],
16 silly audit   '@rolldown/binding-linux-arm64-gnu': [ '1.0.1' ],
16 silly audit   '@rolldown/binding-linux-arm64-musl': [ '1.0.1' ],
16 silly audit   '@rolldown/binding-linux-ppc64-gnu': [ '1.0.1' ],
16 silly audit   '@rolldown/binding-linux-s390x-gnu': [ '1.0.1' ],
16 silly audit   '@rolldown/binding-linux-x64-gnu': [ '1.0.1' ],
16 silly audit   '@rolldown/binding-linux-x64-musl': [ '1.0.1' ],
16 silly audit   '@rolldown/binding-openharmony-arm64': [ '1.0.1' ],
16 silly audit   '@rolldown/binding-wasm32-wasi': [ '1.0.1' ],
16 silly audit   '@rolldown/binding-win32-arm64-msvc': [ '1.0.1' ],
16 silly audit   '@rolldown/binding-win32-x64-msvc': [ '1.0.1' ],
16 silly audit   '@rolldown/pluginutils': [ '1.0.1' ],
16 silly audit   '@tybys/wasm-util': [ '0.10.2' ],
16 silly audit   '@vitejs/plugin-react': [ '6.0.2' ],
16 silly audit   'detect-libc': [ '2.1.2' ],
16 silly audit   fdir: [ '6.5.0' ],
16 silly audit   fsevents: [ '2.3.3' ],
16 silly audit   lightningcss: [ '1.32.0' ],
16 silly audit   'lightningcss-android-arm64': [ '1.32.0' ],
16 silly audit   'lightningcss-darwin-arm64': [ '1.32.0' ],
16 silly audit   'lightningcss-darwin-x64': [ '1.32.0' ],
16 silly audit   'lightningcss-freebsd-x64': [ '1.32.0' ],
16 silly audit   'lightningcss-linux-arm-gnueabihf': [ '1.32.0' ],
16 silly audit   'lightningcss-linux-arm64-gnu': [ '1.32.0' ],
16 silly audit   'lightningcss-linux-arm64-musl': [ '1.32.0' ],
16 silly audit   'lightningcss-linux-x64-gnu': [ '1.32.0' ],
16 silly audit   'lightningcss-linux-x64-musl': [ '1.32.0' ],
16 silly audit   'lightningcss-win32-arm64-msvc': [ '1.32.0' ],
16 silly audit   'lightningcss-win32-x64-msvc': [ '1.32.0' ],
16 silly audit   nanoid: [ '3.3.12' ],
16 silly audit   picocolors: [ '1.1.1' ],
16 silly audit   picomatch: [ '4.0.4' ],
16 silly audit   postcss: [ '8.5.14' ],
16 silly audit   react: [ '19.2.6' ],
16 silly audit   'react-dom': [ '19.2.6' ],
16 silly audit   rolldown: [ '1.0.1' ],
16 silly audit   scheduler: [ '0.27.0' ],
16 silly audit   'source-map-js': [ '1.2.1' ],
16 silly audit   tinyglobby: [ '0.2.16' ],
16 silly audit   tslib: [ '2.8.1' ],
16 silly audit   vite: [ '8.0.13' ]
16 silly audit }
17 http fetch POST 200 https://registry.npmjs.org/-/npm/v1/security/advisories/bulk 3178ms
18 silly audit report {}
19 verbose cwd C:\Users\Laptop\Documents\BrainBoost
20 verbose os Windows_NT 10.0.26200
21 verbose node v24.15.0
22 verbose npm  v11.12.1
23 verbose exit 0
24 info ok
